c:\users\uy122\onedrive\바탕 화면\glimprj\glimprj\x64\debug\glimprj.pch
c:\users\uy122\onedrive\바탕 화면\glimprj\glimprj\x64\debug\vc143.pdb
c:\users\uy122\onedrive\바탕 화면\glimprj\glimprj\x64\debug\vc143.idb
c:\users\uy122\onedrive\바탕 화면\glimprj\glimprj\x64\debug\pch.obj
c:\users\uy122\onedrive\바탕 화면\glimprj\glimprj\x64\debug\glimprjdlg.obj
c:\users\uy122\onedrive\바탕 화면\glimprj\glimprj\x64\debug\glimprj.obj
c:\users\uy122\onedrive\바탕 화면\glimprj\x64\debug\glimprj.exe
c:\users\uy122\onedrive\바탕 화면\glimprj\x64\debug\glimprj.pdb
c:\users\uy122\onedrive\바탕 화면\glimprj\glimprj\x64\debug\glimprj.res
c:\users\uy122\onedrive\바탕 화면\glimprj\glimprj\x64\debug\glimprj.ilk
c:\users\uy122\onedrive\바탕 화면\glimprj\glimprj\x64\debug\glimprj.tlog\cl.command.1.tlog
c:\users\uy122\onedrive\바탕 화면\glimprj\glimprj\x64\debug\glimprj.tlog\cl.items.tlog
c:\users\uy122\onedrive\바탕 화면\glimprj\glimprj\x64\debug\glimprj.tlog\cl.read.1.tlog
c:\users\uy122\onedrive\바탕 화면\glimprj\glimprj\x64\debug\glimprj.tlog\cl.write.1.tlog
c:\users\uy122\onedrive\바탕 화면\glimprj\glimprj\x64\debug\glimprj.tlog\link.command.1.tlog
c:\users\uy122\onedrive\바탕 화면\glimprj\glimprj\x64\debug\glimprj.tlog\link.read.1.tlog
c:\users\uy122\onedrive\바탕 화면\glimprj\glimprj\x64\debug\glimprj.tlog\link.secondary.1.tlog
c:\users\uy122\onedrive\바탕 화면\glimprj\glimprj\x64\debug\glimprj.tlog\link.write.1.tlog
c:\users\uy122\onedrive\바탕 화면\glimprj\glimprj\x64\debug\glimprj.tlog\rc.command.1.tlog
c:\users\uy122\onedrive\바탕 화면\glimprj\glimprj\x64\debug\glimprj.tlog\rc.read.1.tlog
c:\users\uy122\onedrive\바탕 화면\glimprj\glimprj\x64\debug\glimprj.tlog\rc.write.1.tlog
